<?xml version="1.0" encoding="UTF-8"?>
<!-- Generated by org.testng.reporters.JUnitReportReporter -->
<testsuite skipped="0" hostname="ImTi" name="TestNG_Test" tests="5" failures="0" timestamp="2020-09-20T23:08:09 GMT-12:00" time="0.024" errors="0">
  <testcase name="RegisterAddress" time="0.001" classname="TestNG_Test"/>
  <system-out/>
  <testcase name="Signoff" time="0.002" classname="TestNG_Test"/>
  <system-out/>
  <testcase name="ProfileCreation" time="0.002" classname="TestNG_Test"/>
  <system-out/>
  <testcase name="Login" time="0.014" classname="TestNG_Test"/>
  <system-out/>
  <testcase name="Registration" time="0.005" classname="TestNG_Test"/>
  <system-out/>
</testsuite> <!-- TestNG_Test -->
