<?xml version="1.0" encoding="UTF-8"?>
<!-- Generated by org.testng.reporters.JUnitReportReporter -->
<testsuite skipped="0" hostname="ImTi" name="TestNG_Facebook" tests="3" failures="0" timestamp="2020-09-21T02:10:24 GMT-12:00" time="0.393" errors="0">
  <testcase name="GetPageTitle" time="0.032" classname="TestNG_Facebook"/>
  <system-out/>
  <testcase name="Login" time="0.263" classname="TestNG_Facebook"/>
  <system-out/>
  <testcase name="ClickOnLogin" time="0.098" classname="TestNG_Facebook"/>
  <system-out/>
</testsuite> <!-- TestNG_Facebook -->
