<?xml version="1.0" encoding="UTF-8"?>
<!-- Generated by org.testng.reporters.JUnitReportReporter -->
<testsuite skipped="0" hostname="ImTi" name="TestSoftHard" tests="1" failures="0" timestamp="2020-09-27T01:08:31 GMT-12:00" time="0.018" errors="0">
  <testcase name="VerifyTitle" time="0.018" classname="TestSoftHard"/>
  <system-out/>
</testsuite> <!-- TestSoftHard -->
